[Sat 09 28 08:05:05 2013]	url_retriever:Warning	URLDataRetriever->retrieveResponse@508	/home/pane?id=social&ajax=1	Gone for https://api.twitter.com/1/statuses/user_timeline.json?screen_name=kurogofwk&trim_user=1
[Sat 09 28 08:14:31 2013]	url_retriever:Warning	URLDataRetriever->retrieveResponse@508	/home/pane?id=social&ajax=1	Gone for https://api.twitter.com/1/statuses/user_timeline.json?screen_name=kurogofwk&trim_user=1
[Sat 09 28 08:16:43 2013]	url_retriever:Warning	URLDataRetriever->retrieveResponse@508	/home/pane?id=social&ajax=1	Gone for https://api.twitter.com/1/statuses/user_timeline.json?screen_name=kurogofwk&trim_user=1
[Sat 09 28 08:21:32 2013]	url_retriever:Warning	URLDataRetriever->retrieveResponse@508	/home/pane?id=social&ajax=1	Gone for https://api.twitter.com/1/statuses/user_timeline.json?screen_name=kurogofwk&trim_user=1
[Sat 09 28 08:22:53 2013]	url_retriever:Warning	URLDataRetriever->retrieveResponse@508	/home/pane?id=social&ajax=1	Gone for https://api.twitter.com/1/statuses/user_timeline.json?screen_name=kurogofwk&trim_user=1
[Sat 09 28 08:23:19 2013]	url_retriever:Warning	URLDataRetriever->retrieveResponse@508	/home/pane?id=social&ajax=1	Gone for https://api.twitter.com/1/statuses/user_timeline.json?screen_name=kurogofwk&trim_user=1
[Sat 09 28 08:23:29 2013]	url_retriever:Warning	URLDataRetriever->retrieveResponse@508	/home/pane?id=social&ajax=1	Gone for https://api.twitter.com/1/statuses/user_timeline.json?screen_name=kurogofwk&trim_user=1
[Sat 09 28 08:25:00 2013]	url_retriever:Warning	URLDataRetriever->retrieveResponse@508	/home/pane?id=social&ajax=1	Gone for https://api.twitter.com/1/statuses/user_timeline.json?screen_name=kurogofwk&trim_user=1
[Sat 09 28 08:25:49 2013]	url_retriever:Warning	URLDataRetriever->retrieveResponse@508	/home/pane?id=social&ajax=1	Gone for https://api.twitter.com/1/statuses/user_timeline.json?screen_name=kurogofwk&trim_user=1
[Sat 09 28 08:28:46 2013]	url_retriever:Warning	URLDataRetriever->retrieveResponse@508	/home/pane?id=social&ajax=1	Gone for https://api.twitter.com/1/statuses/user_timeline.json?screen_name=kurogofwk&trim_user=1
[Sat 09 28 08:29:43 2013]	url_retriever:Warning	URLDataRetriever->retrieveResponse@508	/home/pane?id=social&ajax=1	Gone for https://api.twitter.com/1/statuses/user_timeline.json?screen_name=kurogofwk&trim_user=1
[Sat 09 28 08:30:32 2013]	url_retriever:Warning	URLDataRetriever->retrieveResponse@508	/home/pane?id=social&ajax=1	Gone for https://api.twitter.com/1/statuses/user_timeline.json?screen_name=kurogofwk&trim_user=1
[Sat 09 28 08:30:42 2013]	url_retriever:Warning	URLDataRetriever->retrieveResponse@508	/home/pane?id=social&ajax=1	Gone for https://api.twitter.com/1/statuses/user_timeline.json?screen_name=kurogofwk&trim_user=1
[Sat 09 28 08:32:06 2013]	url_retriever:Warning	URLDataRetriever->retrieveResponse@508	/home/pane?id=social&ajax=1	Gone for https://api.twitter.com/1/statuses/user_timeline.json?screen_name=kurogofwk&trim_user=1
[Sat 09 28 08:36:50 2013]	url_retriever:Warning	URLDataRetriever->retrieveResponse@508	/home/pane?id=social&ajax=1	Gone for https://api.twitter.com/1/statuses/user_timeline.json?screen_name=kurogofwk&trim_user=1
[Sat 09 28 08:46:06 2013]	url_retriever:Warning	URLDataRetriever->retrieveResponse@508	/home/pane?id=social&ajax=1	Gone for https://api.twitter.com/1/statuses/user_timeline.json?screen_name=kurogofwk&trim_user=1
[Sat 09 28 08:46:21 2013]	url_retriever:Warning	URLDataRetriever->retrieveResponse@508	/home/pane?id=social&ajax=1	Gone for https://api.twitter.com/1/statuses/user_timeline.json?screen_name=kurogofwk&trim_user=1
[Sat 09 28 08:46:34 2013]	url_retriever:Warning	URLDataRetriever->retrieveResponse@508	/home/pane?id=social&ajax=1	Gone for https://api.twitter.com/1/statuses/user_timeline.json?screen_name=kurogofwk&trim_user=1
[Sat 09 28 08:47:16 2013]	url_retriever:Warning	URLDataRetriever->retrieveResponse@508	/home/pane?id=social&ajax=1	Gone for https://api.twitter.com/1/statuses/user_timeline.json?screen_name=kurogofwk&trim_user=1
[Sat 09 28 08:47:28 2013]	url_retriever:Warning	URLDataRetriever->retrieveResponse@508	/home/pane?id=social&ajax=1	Gone for https://api.twitter.com/1/statuses/user_timeline.json?screen_name=kurogofwk&trim_user=1
[Sat 09 28 08:52:22 2013]	url_retriever:Warning	URLDataRetriever->retrieveResponse@508	/home/pane?id=social&ajax=1	Gone for https://api.twitter.com/1/statuses/user_timeline.json?screen_name=kurogofwk&trim_user=1
[Sat 09 28 08:53:28 2013]	url_retriever:Warning	URLDataRetriever->retrieveResponse@508	/home/pane?id=social&ajax=1	Gone for https://api.twitter.com/1/statuses/user_timeline.json?screen_name=kurogofwk&trim_user=1
[Sat 09 28 08:54:49 2013]	url_retriever:Warning	URLDataRetriever->retrieveResponse@508	/home/pane?id=social&ajax=1	Gone for https://api.twitter.com/1/statuses/user_timeline.json?screen_name=kurogofwk&trim_user=1
[Sat 09 28 08:56:46 2013]	url_retriever:Warning	URLDataRetriever->retrieveResponse@508	/home/pane?id=social&ajax=1	Gone for https://api.twitter.com/1/statuses/user_timeline.json?screen_name=kurogofwk&trim_user=1
[Sat 09 28 08:59:38 2013]	exception:Alert	Module::factory@130	/device/tablet-computer-unknown/common/css/fonts/flamauowsemicond-semibold-webfont.woff	A KurogoModuleNotFound has occured: Module common not found
[Sat 09 28 08:59:38 2013]	exception:Alert	Module::factory@130	/device/tablet-computer-unknown/common/css/fonts/flamauowsemicond-semibold-webfont.ttf	A KurogoModuleNotFound has occured: Module common not found
[Sat 09 28 08:59:38 2013]	exception:Alert	Module::factory@130	/device/tablet-computer-unknown/common/css/fonts/flamauowsemicond-semibold-webfont.svg	A KurogoModuleNotFound has occured: Module common not found
[Sat 09 28 08:59:40 2013]	url_retriever:Warning	URLDataRetriever->retrieveResponse@508	/home/pane?id=social&ajax=1	Gone for https://api.twitter.com/1/statuses/user_timeline.json?screen_name=kurogofwk&trim_user=1
[Sat 09 28 08:59:56 2013]	exception:Alert	Module::factory@130	/device/tablet-computer-unknown/common/css/fonts/flamauowsemicond-semibold-webfont.woff	A KurogoModuleNotFound has occured: Module common not found
[Sat 09 28 08:59:56 2013]	exception:Alert	Module::factory@130	/device/tablet-computer-unknown/common/css/fonts/flamauowsemicond-semibold-webfont.ttf	A KurogoModuleNotFound has occured: Module common not found
[Sat 09 28 08:59:56 2013]	exception:Alert	Module::factory@130	/device/tablet-computer-unknown/common/css/fonts/flamauowsemicond-semibold-webfont.svg	A KurogoModuleNotFound has occured: Module common not found
[Sat 09 28 08:59:57 2013]	url_retriever:Warning	URLDataRetriever->retrieveResponse@508	/home/pane?id=social&ajax=1	Gone for https://api.twitter.com/1/statuses/user_timeline.json?screen_name=kurogofwk&trim_user=1
[Sat 09 28 09:00:37 2013]	url_retriever:Warning	URLDataRetriever->retrieveResponse@508	/home/pane?id=social&ajax=1	Gone for https://api.twitter.com/1/statuses/user_timeline.json?screen_name=kurogofwk&trim_user=1
[Sat 09 28 09:06:59 2013]	exception:Alert	Module::factory@130	/device/tablet-computer-unknown/common/css/nobile-medium-webfont.woff	A KurogoModuleNotFound has occured: Module common not found
[Sat 09 28 09:07:00 2013]	exception:Alert	Module::factory@130	/device/tablet-computer-unknown/common/css/nobile-medium-webfont.ttf	A KurogoModuleNotFound has occured: Module common not found
[Sat 09 28 09:07:00 2013]	exception:Alert	Module::factory@130	/device/tablet-computer-unknown/common/css/nobile-medium-webfont.svg	A KurogoModuleNotFound has occured: Module common not found
[Sat 09 28 09:07:01 2013]	url_retriever:Warning	URLDataRetriever->retrieveResponse@508	/home/pane?id=social&ajax=1	Gone for https://api.twitter.com/1/statuses/user_timeline.json?screen_name=kurogofwk&trim_user=1
[Sat 09 28 09:07:16 2013]	exception:Alert	Module::factory@130	/device/tablet-computer-unknown/common/css/nobile-medium-webfont.woff	A KurogoModuleNotFound has occured: Module common not found
[Sat 09 28 09:07:16 2013]	exception:Alert	Module::factory@130	/device/tablet-computer-unknown/common/css/nobile-medium-webfont.ttf	A KurogoModuleNotFound has occured: Module common not found
[Sat 09 28 09:07:16 2013]	exception:Alert	Module::factory@130	/device/tablet-computer-unknown/common/css/nobile-medium-webfont.svg	A KurogoModuleNotFound has occured: Module common not found
[Sat 09 28 09:07:18 2013]	url_retriever:Warning	URLDataRetriever->retrieveResponse@508	/home/pane?id=social&ajax=1	Gone for https://api.twitter.com/1/statuses/user_timeline.json?screen_name=kurogofwk&trim_user=1
[Sat 09 28 09:09:25 2013]	exception:Alert	Module::factory@130	/device/tablet-computer-unknown/common/css/nobile-medium-webfont.woff	A KurogoModuleNotFound has occured: Module common not found
[Sat 09 28 09:09:26 2013]	exception:Alert	Module::factory@130	/device/tablet-computer-unknown/common/css/nobile-medium-webfont.ttf	A KurogoModuleNotFound has occured: Module common not found
[Sat 09 28 09:09:26 2013]	exception:Alert	Module::factory@130	/device/tablet-computer-unknown/common/css/nobile-medium-webfont.svg	A KurogoModuleNotFound has occured: Module common not found
[Sat 09 28 09:09:28 2013]	url_retriever:Warning	URLDataRetriever->retrieveResponse@508	/home/pane?id=social&ajax=1	Gone for https://api.twitter.com/1/statuses/user_timeline.json?screen_name=kurogofwk&trim_user=1
[Sat 09 28 09:10:50 2013]	exception:Alert	Module::factory@130	/device/tablet-computer-unknown/common/css/nobile-medium-webfont.woff	A KurogoModuleNotFound has occured: Module common not found
[Sat 09 28 09:10:50 2013]	exception:Alert	Module::factory@130	/device/tablet-computer-unknown/common/css/nobile-medium-webfont.ttf	A KurogoModuleNotFound has occured: Module common not found
[Sat 09 28 09:10:51 2013]	exception:Alert	Module::factory@130	/device/tablet-computer-unknown/common/css/nobile-medium-webfont.svg	A KurogoModuleNotFound has occured: Module common not found
[Sat 09 28 09:10:53 2013]	url_retriever:Warning	URLDataRetriever->retrieveResponse@508	/home/pane?id=social&ajax=1	Gone for https://api.twitter.com/1/statuses/user_timeline.json?screen_name=kurogofwk&trim_user=1
[Sat 09 28 09:11:43 2013]	exception:Alert	Module::factory@130	/device/tablet-computer-unknown/common/css/nobile-medium-webfont.woff	A KurogoModuleNotFound has occured: Module common not found
[Sat 09 28 09:11:43 2013]	exception:Alert	Module::factory@130	/device/tablet-computer-unknown/common/css/nobile-medium-webfont.ttf	A KurogoModuleNotFound has occured: Module common not found
[Sat 09 28 09:11:43 2013]	exception:Alert	Module::factory@130	/device/tablet-computer-unknown/common/css/nobile-medium-webfont.svg	A KurogoModuleNotFound has occured: Module common not found
[Sat 09 28 09:11:45 2013]	url_retriever:Warning	URLDataRetriever->retrieveResponse@508	/home/pane?id=social&ajax=1	Gone for https://api.twitter.com/1/statuses/user_timeline.json?screen_name=kurogofwk&trim_user=1
[Sat 09 28 09:13:38 2013]	url_retriever:Warning	URLDataRetriever->retrieveResponse@508	/home/pane?id=social&ajax=1	Gone for https://api.twitter.com/1/statuses/user_timeline.json?screen_name=kurogofwk&trim_user=1
[Sat 09 28 09:14:01 2013]	url_retriever:Warning	URLDataRetriever->retrieveResponse@508	/home/pane?id=social&ajax=1	Gone for https://api.twitter.com/1/statuses/user_timeline.json?screen_name=kurogofwk&trim_user=1
[Sat 09 28 09:14:50 2013]	url_retriever:Warning	URLDataRetriever->retrieveResponse@508	/home/pane?id=social&ajax=1	Gone for https://api.twitter.com/1/statuses/user_timeline.json?screen_name=kurogofwk&trim_user=1
[Sat 09 28 09:15:24 2013]	url_retriever:Warning	URLDataRetriever->retrieveResponse@508	/home/pane?id=social&ajax=1	Gone for https://api.twitter.com/1/statuses/user_timeline.json?screen_name=kurogofwk&trim_user=1
[Sat 09 28 09:16:52 2013]	url_retriever:Warning	URLDataRetriever->retrieveResponse@508	/home/pane?id=social&ajax=1	Gone for https://api.twitter.com/1/statuses/user_timeline.json?screen_name=kurogofwk&trim_user=1
[Sat 09 28 09:19:06 2013]	url_retriever:Warning	URLDataRetriever->retrieveResponse@508	/home/pane?id=social&ajax=1	Gone for https://api.twitter.com/1/statuses/user_timeline.json?screen_name=kurogofwk&trim_user=1
[Sat 09 28 09:19:17 2013]	url_retriever:Warning	URLDataRetriever->retrieveResponse@508	/home/pane?id=social&ajax=1	Gone for https://api.twitter.com/1/statuses/user_timeline.json?screen_name=kurogofwk&trim_user=1
[Sat 09 28 09:19:28 2013]	url_retriever:Warning	URLDataRetriever->retrieveResponse@508	/home/pane?id=social&ajax=1	Gone for https://api.twitter.com/1/statuses/user_timeline.json?screen_name=kurogofwk&trim_user=1
[Sat 09 28 09:19:48 2013]	url_retriever:Warning	URLDataRetriever->retrieveResponse@508	/home/pane?id=social&ajax=1	Gone for https://api.twitter.com/1/statuses/user_timeline.json?screen_name=kurogofwk&trim_user=1
[Sat 09 28 09:20:40 2013]	url_retriever:Warning	URLDataRetriever->retrieveResponse@508	/home/pane?id=social&ajax=1	Gone for https://api.twitter.com/1/statuses/user_timeline.json?screen_name=kurogofwk&trim_user=1
[Sat 09 28 09:20:56 2013]	url_retriever:Warning	URLDataRetriever->retrieveResponse@508	/home/pane?id=social&ajax=1	Gone for https://api.twitter.com/1/statuses/user_timeline.json?screen_name=kurogofwk&trim_user=1
